<?xml version="1.0" encoding="UTF-8"?>
<!-- Generated by org.testng.reporters.JUnitReportReporter -->
<testsuite hostname="idea-PC" name="com.qa.apiTests.GetApiTest" tests="2" failures="0" timestamp="27 Apr 2020 12:35:23 GMT" time="5.465" errors="0">
  <testcase name="getTestWithHeader" time="1.185" classname="com.qa.apiTests.GetApiTest"/>
  <testcase name="getTest" time="4.280" classname="com.qa.apiTests.GetApiTest"/>
</testsuite> <!-- com.qa.apiTests.GetApiTest -->
